#
# There is insufficient memory for the Java Runtime Environment to continue.
# Native memory allocation (mmap) failed to map 65536 bytes. Error detail: Failed to commit metaspace.
# Possible reasons:
#   The system is out of physical RAM or swap space
#   This process is running with CompressedOops enabled, and the Java Heap may be blocking the growth of the native heap
# Possible solutions:
#   Reduce memory load on the system
#   Increase physical memory or swap space
#   Check if swap backing store is full
#   Decrease Java heap size (-Xmx/-Xms)
#   Decrease number of Java threads
#   Decrease Java thread stack sizes (-Xss)
#   Set larger code cache with -XX:ReservedCodeCacheSize=
#   JVM is running with Zero Based Compressed Oops mode in which the Java heap is
#     placed in the first 32GB address space. The Java Heap base address is the
#     maximum limit for the native heap growth. Please use -XX:HeapBaseMinAddress
#     to set the Java Heap base and to place the Java Heap above 32GB virtual address.
# This output file may be truncated or incomplete.
#
#  Out of Memory Error (virtualSpaceNode.cpp:110), pid=32552, tid=8576
#
# JRE version: OpenJDK Runtime Environment Temurin-17.0.18+8 (17.0.18+8) (build 17.0.18+8)
# Java VM: OpenJDK 64-Bit Server VM Temurin-17.0.18+8 (17.0.18+8, mixed mode, sharing, tiered, compressed oops, compressed class ptrs, g1 gc, windows-amd64)
# No core dump will be written. Minidumps are not enabled by default on client versions of Windows
#

---------------  S U M M A R Y ------------

Command Line: org.jetbrains.kotlin.cli.jvm.K2JVMCompiler @D:\Final Project\FashionStyleApp\node_modules\@react-native\gradle-plugin\shared\build\20260328_6421527675962271147.compiler.options

Host: 12th Gen Intel(R) Core(TM) i5-12500H, 16 cores, 31G,  Windows 11 , 64 bit Build 26100 (10.0.26100.7705)
Time: Sat Mar 28 11:23:26 2026 SE Asia Standard Time elapsed time: 0.083105 seconds (0d 0h 0m 0s)

---------------  T H R E A D  ---------------

Current thread (0x0000026b209593f0):  JavaThread "main" [_thread_in_vm, id=8576, stack(0x000000d9abe00000,0x000000d9abf00000)]

Stack: [0x000000d9abe00000,0x000000d9abf00000]
Native frames: (J=compiled Java code, j=interpreted, Vv=VM code, C=native code)
V  [jvm.dll+0x6846f9]
V  [jvm.dll+0x839ea5]
V  [jvm.dll+0x83b91e]
V  [jvm.dll+0x83bfa3]
V  [jvm.dll+0x248eff]
V  [jvm.dll+0x835c8d]
V  [jvm.dll+0x6291fd]
V  [jvm.dll+0x1c0710]
V  [jvm.dll+0x62bb72]
V  [jvm.dll+0x629bb6]
V  [jvm.dll+0x63ad1d]
V  [jvm.dll+0x633d64]
V  [jvm.dll+0x3852a1]
C  0x0000026b2f90c7a7

The last pc belongs to method entry point (kind = zerolocals) (printed below).
Java frames: (J=compiled Java code, j=interpreted, Vv=VM code)
j  org.jetbrains.kotlin.cli.jvm.compiler.CompatKt.setupIdeaStandaloneExecution()V+0
j  org.jetbrains.kotlin.cli.common.CLICompiler$Companion.doMain(Lorg/jetbrains/kotlin/cli/common/CLICompiler;[Ljava/lang/String;)V+45
j  org.jetbrains.kotlin.cli.jvm.K2JVMCompiler$Companion.main([Ljava/lang/String;)V+20
j  org.jetbrains.kotlin.cli.jvm.K2JVMCompiler.main([Ljava/lang/String;)V+4
v  ~StubRoutines::call_stub
method entry point (kind = zerolocals)  [0x0000026b2f90c5c0, 0x0000026b2f90c980]  960 bytes
[MachCode]
  0x0000026b2f90c5c0: 488b 5308 | 0fb7 4a2c | 0fb7 522a | 2bd1 81fa | f501 0000 | 0f86 2500 | 0000 488b | c248 c1e0 
  0x0000026b2f90c5e0: 0348 83c0 | 5849 0387 | b803 0000 | 483b e00f | 870a 0000 | 0058 498b | e550 e981 | c2ff ff58 
  0x0000026b2f90c600: 4c8d 74cc | f885 d20f | 8e09 0000 | 0068 0000 | 0000 ffca | 7ff7 5055 | 488b ec41 | 5568 0000 
  0x0000026b2f90c620: 0000 4c8b | 6b08 4d8d | 6d30 5348 | 8b53 0848 | 8b52 0848 | 8b52 1848 | 8b52 7048 | 8b12 5248 
  0x0000026b2f90c640: 8b53 1048 | 85d2 0f84 | 0700 0000 | 4881 c208 | 0100 0052 | 488b 5308 | 488b 5208 | 488b 5210 
  0x0000026b2f90c660: 5241 5641 | 5568 0000 | 0000 4889 | 2424 41c6 | 8771 0300 | 0001 488b | 45d8 4885 | c00f 84a3 
  0x0000026b2f90c680: 0000 008b | 48fc 85c9 | 0f88 9800 | 0000 4803 | c148 8b48 | 0848 83e9 | 0248 8b54 | c810 48f7 
  0x0000026b2f90c6a0: da49 8b14 | d648 85d2 | 7514 48f7 | 44c8 1801 | 0000 0075 | 67f0 4883 | 4cc8 1801 | eb5e 8b52 
  0x0000026b2f90c6c0: 0849 ba00 | 0000 4e6b | 0200 0049 | 03d2 4c8b | d248 3354 | c818 48f7 | c2fc ffff | ff74 3d48 
  0x0000026b2f90c6e0: f7c2 0200 | 0000 7534 | 4881 7cc8 | 1800 0000 | 0074 2448 | 817c c818 | 0100 0000 | 7419 498b 
  0x0000026b2f90c700: d248 3354 | c818 48f7 | c2fc ffff | ff74 0d48 | 834c c818 | 02eb 0548 | 8954 c818 | 4883 e902 
  0x0000026b2f90c720: 0f89 73ff | ffff 488b | 4310 4885 | c074 208b | 88cc 0000 | 0083 c102 | 8988 cc00 | 0000 2388 
  0x0000026b2f90c740: e000 0000 | 0f84 7801 | 0000 e9d1 | 0000 0048 | 8b43 1848 | 85c0 0f85 | b200 0000 | e805 0000 
  0x0000026b2f90c760: 00e9 9b00 | 0000 488b | d348 8d44 | 2408 4c89 | 6dc0 498b | cfc5 f877 | 4989 afa8 | 0200 0049 
  0x0000026b2f90c780: 8987 9802 | 0000 4883 | ec20 f7c4 | 0f00 0000 | 0f84 1a00 | 0000 4883 | ec08 49ba | 8052 bdbe 
  0x0000026b2f90c7a0: fc7f 0000 | 41ff d248 | 83c4 08e9 | 0d00 0000 | 49ba 8052 | bdbe fc7f | 0000 41ff | d248 83c4 
  0x0000026b2f90c7c0: 2049 c787 | 9802 0000 | 0000 0000 | 49c7 87a8 | 0200 0000 | 0000 0049 | c787 a002 | 0000 0000 
  0x0000026b2f90c7e0: 0000 c5f8 | 7749 817f | 0800 0000 | 000f 8405 | 0000 00e9 | 0847 ffff | 4c8b 6dc0 | 4c8b 75c8 
  0x0000026b2f90c800: c348 8b43 | 1848 85c0 | 0f84 1200 | 0000 8b48 | 0883 c102 | 8948 0823 | 4820 0f84 | a200 0000 
  0x0000026b2f90c820: 8984 2400 | f0ff ff89 | 8424 00e0 | ffff 8984 | 2400 d0ff | ff89 8424 | 00c0 ffff | 8984 2400 
  0x0000026b2f90c840: b0ff ff89 | 8424 00a0 | ffff 8984 | 2400 90ff | ff41 c687 | 7103 0000 | 0049 bad5 | c63d bffc 
  0x0000026b2f90c860: 7f00 0041 | 803a 000f | 8442 0000 | 0048 8b55 | e849 8bcf | 4883 ec20 | f7c4 0f00 | 0000 0f84 
  0x0000026b2f90c880: 1a00 0000 | 4883 ec08 | 49ba 50a0 | f3be fc7f | 0000 41ff | d248 83c4 | 08e9 0d00 | 0000 49ba 
  0x0000026b2f90c8a0: 50a0 f3be | fc7f 0000 | 41ff d248 | 83c4 2041 | 0fb6 5d00 | 49ba 603f | 40bf fc7f | 0000 41ff 
  0x0000026b2f90c8c0: 24da ba00 | 0000 00e8 | 0500 0000 | e998 0000 | 0048 8d44 | 2408 4c89 | 6dc0 498b | cfc5 f877 
  0x0000026b2f90c8e0: 4989 afa8 | 0200 0049 | 8987 9802 | 0000 4883 | ec20 f7c4 | 0f00 0000 | 0f84 1a00 | 0000 4883 
  0x0000026b2f90c900: ec08 49ba | a05d bdbe | fc7f 0000 | 41ff d248 | 83c4 08e9 | 0d00 0000 | 49ba a05d | bdbe fc7f 
  0x0000026b2f90c920: 0000 41ff | d248 83c4 | 2049 c787 | 9802 0000 | 0000 0000 | 49c7 87a8 | 0200 0000 | 0000 0049 
  0x0000026b2f90c940: c787 a002 | 0000 0000 | 0000 c5f8 | 7749 817f | 0800 0000 | 000f 8405 | 0000 00e9 | a045 ffff 
  0x0000026b2f90c960: 4c8b 6dc0 | 4c8b 75c8 | c348 8b5d | e8e9 aefe | ffff 660f | 1f44 0000 | 0000 0000 | 0000 0000 
[/MachCode]

---------------  P R O C E S S  ---------------

Threads class SMR info:
_java_thread_list=0x0000026b4dd19c30, length=14, elements={
0x0000026b209593f0, 0x0000026b4ad37de0, 0x0000026b4ad388b0, 0x0000026b4ad57170,
0x0000026b4ad57a40, 0x0000026b4ad58e80, 0x0000026b4ad5a2c0, 0x0000026b4ad5c5a0,
0x0000026b4ad5ceb0, 0x0000026b4ad5d7c0, 0x0000026b4dc72470, 0x0000026b4dd488d0,
0x0000026b4dd4dea0, 0x0000026b4dd63160
}

Java Threads: ( => current thread )
=>0x0000026b209593f0 JavaThread "main" [_thread_in_vm, id=8576, stack(0x000000d9abe00000,0x000000d9abf00000)]
  0x0000026b4ad37de0 JavaThread "Reference Handler" daemon [_thread_blocked, id=25844, stack(0x000000d9ac500000,0x000000d9ac600000)]
  0x0000026b4ad388b0 JavaThread "Finalizer" daemon [_thread_blocked, id=16664, stack(0x000000d9ac600000,0x000000d9ac700000)]
  0x0000026b4ad57170 JavaThread "Signal Dispatcher" daemon [_thread_blocked, id=10876, stack(0x000000d9ac700000,0x000000d9ac800000)]
  0x0000026b4ad57a40 JavaThread "Attach Listener" daemon [_thread_blocked, id=29208, stack(0x000000d9ac800000,0x000000d9ac900000)]
  0x0000026b4ad58e80 JavaThread "Service Thread" daemon [_thread_blocked, id=29268, stack(0x000000d9ac900000,0x000000d9aca00000)]
  0x0000026b4ad5a2c0 JavaThread "Monitor Deflation Thread" daemon [_thread_blocked, id=21936, stack(0x000000d9aca00000,0x000000d9acb00000)]
  0x0000026b4ad5c5a0 JavaThread "C2 CompilerThread0" daemon [_thread_blocked, id=26076, stack(0x000000d9acb00000,0x000000d9acc00000)]
  0x0000026b4ad5ceb0 JavaThread "C1 CompilerThread0" daemon [_thread_blocked, id=14844, stack(0x000000d9acc00000,0x000000d9acd00000)]
  0x0000026b4ad5d7c0 JavaThread "Sweeper thread" daemon [_thread_blocked, id=30368, stack(0x000000d9acd00000,0x000000d9ace00000)]
  0x0000026b4dc72470 JavaThread "C1 CompilerThread1" daemon [_thread_blocked, id=22588, stack(0x000000d9ace00000,0x000000d9acf00000)]
  0x0000026b4dd488d0 JavaThread "Notification Thread" daemon [_thread_blocked, id=7456, stack(0x000000d9acf00000,0x000000d9ad000000)]
  0x0000026b4dd4dea0 JavaThread "Common-Cleaner" daemon [_thread_blocked, id=21492, stack(0x000000d9ad100000,0x000000d9ad200000)]
  0x0000026b4dd63160 JavaThread "C2 CompilerThread1" daemon [_thread_blocked, id=26276, stack(0x000000d9ad200000,0x000000d9ad300000)]

Other Threads:
  0x0000026b4ad31e20 VMThread "VM Thread" [stack: 0x000000d9ac400000,0x000000d9ac500000] [id=15460]
  0x0000026b4dd4b3d0 WatcherThread [stack: 0x000000d9ad000000,0x000000d9ad100000] [id=22840]
  0x0000026b4aba0800 GCTaskThread "GC Thread#0" [stack: 0x000000d9abf00000,0x000000d9ac000000] [id=26648]
  0x0000026b209d80e0 ConcurrentGCThread "G1 Main Marker" [stack: 0x000000d9ac000000,0x000000d9ac100000] [id=15488]
  0x0000026b209d96e0 ConcurrentGCThread "G1 Conc#0" [stack: 0x000000d9ac100000,0x000000d9ac200000] [id=30096]
  0x0000026b4ac6d3e0 ConcurrentGCThread "G1 Refine#0" [stack: 0x000000d9ac200000,0x000000d9ac300000] [id=21872]
  0x0000026b4ac6ebd0 ConcurrentGCThread "G1 Service" [stack: 0x000000d9ac300000,0x000000d9ac400000] [id=22208]

Threads with active compile tasks:

VM state: not at safepoint (normal execution)

VM Mutex/Monitor currently owned by a thread:  ([mutex/lock_event])
[0x0000026b20954460] Metaspace_lock - owner thread: 0x0000026b209593f0

Heap address: 0x0000000604800000, size: 8120 MB, Compressed Oops mode: Zero based, Oop shift amount: 3

CDS archive(s) mapped at: [0x0000026b4e000000-0x0000026b4ebb0000-0x0000026b4ebb0000), size 12255232, SharedBaseAddress: 0x0000026b4e000000, ArchiveRelocationMode: 1.
Compressed class space mapped at: 0x0000026b4f000000-0x0000026b8f000000, reserved size: 1073741824
Narrow klass base: 0x0000026b4e000000, Narrow klass shift: 0, Narrow klass range: 0x100000000

GC Precious Log:
 CPUs: 16 total, 16 available
 Memory: 32472M
 Large Page Support: Disabled
 NUMA Support: Disabled
 Compressed Oops: Enabled (Zero based)
 Heap Region Size: 4M
 Heap Min Capacity: 8M
 Heap Initial Capacity: 508M
 Heap Max Capacity: 8120M
 Pre-touch: Disabled
 Parallel Workers: 13
 Concurrent Workers: 3
 Concurrent Refinement Workers: 13
 Periodic GC: Disabled

Heap:
 garbage-first heap   total 520192K, used 4096K [0x0000000604800000, 0x0000000800000000)
  region size 4096K, 2 young (8192K), 0 survivors (0K)
 Metaspace       used 583K, committed 704K, reserved 1114112K
  class space    used 44K, committed 128K, reserved 1048576K

Heap Regions: E=young(eden), S=young(survivor), O=old, HS=humongous(starts), HC=humongous(continues), CS=collection set, F=free, OA=open archive, CA=closed archive, TAMS=top-at-mark-start (previous, next)
|   0|0x0000000604800000, 0x0000000604c00000, 0x0000000604c00000|100%|HS|  |TAMS 0x0000000604800000, 0x0000000604800000| Complete 
|   1|0x0000000604c00000, 0x0000000604c00000, 0x0000000605000000|  0%| F|  |TAMS 0x0000000604c00000, 0x0000000604c00000| Untracked 
|   2|0x0000000605000000, 0x0000000605000000, 0x0000000605400000|  0%| F|  |TAMS 0x0000000605000000, 0x0000000605000000| Untracked 
|   3|0x0000000605400000, 0x0000000605400000, 0x0000000605800000|  0%| F|  |TAMS 0x0000000605400000, 0x0000000605400000| Untracked 
|   4|0x0000000605800000, 0x0000000605800000, 0x0000000605c00000|  0%| F|  |TAMS 0x0000000605800000, 0x0000000605800000| Untracked 
|   5|0x0000000605c00000, 0x0000000605c00000, 0x0000000606000000|  0%| F|  |TAMS 0x0000000605c00000, 0x0000000605c00000| Untracked 
|   6|0x0000000606000000, 0x0000000606000000, 0x0000000606400000|  0%| F|  |TAMS 0x0000000606000000, 0x0000000606000000| Untracked 
|   7|0x0000000606400000, 0x0000000606400000, 0x0000000606800000|  0%| F|  |TAMS 0x0000000606400000, 0x0000000606400000| Untracked 
|   8|0x0000000606800000, 0x0000000606800000, 0x0000000606c00000|  0%| F|  |TAMS 0x0000000606800000, 0x0000000606800000| Untracked 
|   9|0x0000000606c00000, 0x0000000606c00000, 0x0000000607000000|  0%| F|  |TAMS 0x0000000606c00000, 0x0000000606c00000| Untracked 
|  10|0x0000000607000000, 0x0000000607000000, 0x0000000607400000|  0%| F|  |TAMS 0x0000000607000000, 0x0000000607000000| Untracked 
|  11|0x0000000607400000, 0x0000000607400000, 0x0000000607800000|  0%| F|  |TAMS 0x0000000607400000, 0x0000000607400000| Untracked 
|  12|0x0000000607800000, 0x0000000607800000, 0x0000000607c00000|  0%| F|  |TAMS 0x0000000607800000, 0x0000000607800000| Untracked 
|  13|0x0000000607c00000, 0x0000000607c00000, 0x0000000608000000|  0%| F|  |TAMS 0x0000000607c00000, 0x0000000607c00000| Untracked 
|  14|0x0000000608000000, 0x0000000608000000, 0x0000000608400000|  0%| F|  |TAMS 0x0000000608000000, 0x0000000608000000| Untracked 
|  15|0x0000000608400000, 0x0000000608400000, 0x0000000608800000|  0%| F|  |TAMS 0x0000000608400000, 0x0000000608400000| Untracked 
|  16|0x0000000608800000, 0x0000000608800000, 0x0000000608c00000|  0%| F|  |TAMS 0x0000000608800000, 0x0000000608800000| Untracked 
|  17|0x0000000608c00000, 0x0000000608c00000, 0x0000000609000000|  0%| F|  |TAMS 0x0000000608c00000, 0x0000000608c00000| Untracked 
|  18|0x0000000609000000, 0x0000000609000000, 0x0000000609400000|  0%| F|  |TAMS 0x0000000609000000, 0x0000000609000000| Untracked 
|  19|0x0000000609400000, 0x0000000609400000, 0x0000000609800000|  0%| F|  |TAMS 0x0000000609400000, 0x0000000609400000| Untracked 
|  20|0x0000000609800000, 0x0000000609800000, 0x0000000609c00000|  0%| F|  |TAMS 0x0000000609800000, 0x0000000609800000| Untracked 
|  21|0x0000000609c00000, 0x0000000609c00000, 0x000000060a000000|  0%| F|  |TAMS 0x0000000609c00000, 0x0000000609c00000| Untracked 
|  22|0x000000060a000000, 0x000000060a000000, 0x000000060a400000|  0%| F|  |TAMS 0x000000060a000000, 0x000000060a000000| Untracked 
|  23|0x000000060a400000, 0x000000060a400000, 0x000000060a800000|  0%| F|  |TAMS 0x000000060a400000, 0x000000060a400000| Untracked 
|  24|0x000000060a800000, 0x000000060a800000, 0x000000060ac00000|  0%| F|  |TAMS 0x000000060a800000, 0x000000060a800000| Untracked 
|  25|0x000000060ac00000, 0x000000060ac00000, 0x000000060b000000|  0%| F|  |TAMS 0x000000060ac00000, 0x000000060ac00000| Untracked 
|  26|0x000000060b000000, 0x000000060b000000, 0x000000060b400000|  0%| F|  |TAMS 0x000000060b000000, 0x000000060b000000| Untracked 
|  27|0x000000060b400000, 0x000000060b400000, 0x000000060b800000|  0%| F|  |TAMS 0x000000060b400000, 0x000000060b400000| Untracked 
|  28|0x000000060b800000, 0x000000060b800000, 0x000000060bc00000|  0%| F|  |TAMS 0x000000060b800000, 0x000000060b800000| Untracked 
|  29|0x000000060bc00000, 0x000000060bc00000, 0x000000060c000000|  0%| F|  |TAMS 0x000000060bc00000, 0x000000060bc00000| Untracked 
|  30|0x000000060c000000, 0x000000060c000000, 0x000000060c400000|  0%| F|  |TAMS 0x000000060c000000, 0x000000060c000000| Untracked 
|  31|0x000000060c400000, 0x000000060c400000, 0x000000060c800000|  0%| F|  |TAMS 0x000000060c400000, 0x000000060c400000| Untracked 
|  32|0x000000060c800000, 0x000000060c800000, 0x000000060cc00000|  0%| F|  |TAMS 0x000000060c800000, 0x000000060c800000| Untracked 
|  33|0x000000060cc00000, 0x000000060cc00000, 0x000000060d000000|  0%| F|  |TAMS 0x000000060cc00000, 0x000000060cc00000| Untracked 
|  34|0x000000060d000000, 0x000000060d000000, 0x000000060d400000|  0%| F|  |TAMS 0x000000060d000000, 0x000000060d000000| Untracked 
|  35|0x000000060d400000, 0x000000060d400000, 0x000000060d800000|  0%| F|  |TAMS 0x000000060d400000, 0x000000060d400000| Untracked 
|  36|0x000000060d800000, 0x000000060d800000, 0x000000060dc00000|  0%| F|  |TAMS 0x000000060d800000, 0x000000060d800000| Untracked 
|  37|0x000000060dc00000, 0x000000060dc00000, 0x000000060e000000|  0%| F|  |TAMS 0x000000060dc00000, 0x000000060dc00000| Untracked 
|  38|0x000000060e000000, 0x000000060e000000, 0x000000060e400000|  0%| F|  |TAMS 0x000000060e000000, 0x000000060e000000| Untracked 
|  39|0x000000060e400000, 0x000000060e400000, 0x000000060e800000|  0%| F|  |TAMS 0x000000060e400000, 0x000000060e400000| Untracked 
|  40|0x000000060e800000, 0x000000060e800000, 0x000000060ec00000|  0%| F|  |TAMS 0x000000060e800000, 0x000000060e800000| Untracked 
|  41|0x000000060ec00000, 0x000000060ec00000, 0x000000060f000000|  0%| F|  |TAMS 0x000000060ec00000, 0x000000060ec00000| Untracked 
|  42|0x000000060f000000, 0x000000060f000000, 0x000000060f400000|  0%| F|  |TAMS 0x000000060f000000, 0x000000060f000000| Untracked 
|  43|0x000000060f400000, 0x000000060f400000, 0x000000060f800000|  0%| F|  |TAMS 0x000000060f400000, 0x000000060f400000| Untracked 
|  44|0x000000060f800000, 0x000000060f800000, 0x000000060fc00000|  0%| F|  |TAMS 0x000000060f800000, 0x000000060f800000| Untracked 
|  45|0x000000060fc00000, 0x000000060fc00000, 0x0000000610000000|  0%| F|  |TAMS 0x000000060fc00000, 0x000000060fc00000| Untracked 
|  46|0x0000000610000000, 0x0000000610000000, 0x0000000610400000|  0%| F|  |TAMS 0x0000000610000000, 0x0000000610000000| Untracked 
|  47|0x0000000610400000, 0x0000000610400000, 0x0000000610800000|  0%| F|  |TAMS 0x0000000610400000, 0x0000000610400000| Untracked 
|  48|0x0000000610800000, 0x0000000610800000, 0x0000000610c00000|  0%| F|  |TAMS 0x0000000610800000, 0x0000000610800000| Untracked 
|  49|0x0000000610c00000, 0x0000000610c00000, 0x0000000611000000|  0%| F|  |TAMS 0x0000000610c00000, 0x0000000610c00000| Untracked 
|  50|0x0000000611000000, 0x0000000611000000, 0x0000000611400000|  0%| F|  |TAMS 0x0000000611000000, 0x0000000611000000| Untracked 
|  51|0x0000000611400000, 0x0000000611400000, 0x0000000611800000|  0%| F|  |TAMS 0x0000000611400000, 0x0000000611400000| Untracked 
|  52|0x0000000611800000, 0x0000000611800000, 0x0000000611c00000|  0%| F|  |TAMS 0x0000000611800000, 0x0000000611800000| Untracked 
|  53|0x0000000611c00000, 0x0000000611c00000, 0x0000000612000000|  0%| F|  |TAMS 0x0000000611c00000, 0x0000000611c00000| Untracked 
|  54|0x0000000612000000, 0x0000000612000000, 0x0000000612400000|  0%| F|  |TAMS 0x0000000612000000, 0x0000000612000000| Untracked 
|  55|0x0000000612400000, 0x0000000612400000, 0x0000000612800000|  0%| F|  |TAMS 0x0000000612400000, 0x0000000612400000| Untracked 
|  56|0x0000000612800000, 0x0000000612800000, 0x0000000612c00000|  0%| F|  |TAMS 0x0000000612800000, 0x0000000612800000| Untracked 
|  57|0x0000000612c00000, 0x0000000612c00000, 0x0000000613000000|  0%| F|  |TAMS 0x0000000612c00000, 0x0000000612c00000| Untracked 
|  58|0x0000000613000000, 0x0000000613000000, 0x0000000613400000|  0%| F|  |TAMS 0x0000000613000000, 0x0000000613000000| Untracked 
|  59|0x0000000613400000, 0x0000000613400000, 0x0000000613800000|  0%| F|  |TAMS 0x0000000613400000, 0x0000000613400000| Untracked 
|  60|0x0000000613800000, 0x0000000613800000, 0x0000000613c00000|  0%| F|  |TAMS 0x0000000613800000, 0x0000000613800000| Untracked 
|  61|0x0000000613c00000, 0x0000000613c00000, 0x0000000614000000|  0%| F|  |TAMS 0x0000000613c00000, 0x0000000613c00000| Untracked 
|  62|0x0000000614000000, 0x0000000614000000, 0x0000000614400000|  0%| F|  |TAMS 0x0000000614000000, 0x0000000614000000| Untracked 
|  63|0x0000000614400000, 0x0000000614400000, 0x0000000614800000|  0%| F|  |TAMS 0x0000000614400000, 0x0000000614400000| Untracked 
|  64|0x0000000614800000, 0x0000000614800000, 0x0000000614c00000|  0%| F|  |TAMS 0x0000000614800000, 0x0000000614800000| Untracked 
|  65|0x0000000614c00000, 0x0000000614c00000, 0x0000000615000000|  0%| F|  |TAMS 0x0000000614c00000, 0x0000000614c00000| Untracked 
|  66|0x0000000615000000, 0x0000000615000000, 0x0000000615400000|  0%| F|  |TAMS 0x0000000615000000, 0x0000000615000000| Untracked 
|  67|0x0000000615400000, 0x0000000615400000, 0x0000000615800000|  0%| F|  |TAMS 0x0000000615400000, 0x0000000615400000| Untracked 
|  68|0x0000000615800000, 0x0000000615800000, 0x0000000615c00000|  0%| F|  |TAMS 0x0000000615800000, 0x0000000615800000| Untracked 
|  69|0x0000000615c00000, 0x0000000615c00000, 0x0000000616000000|  0%| F|  |TAMS 0x0000000615c00000, 0x0000000615c00000| Untracked 
|  70|0x0000000616000000, 0x0000000616000000, 0x0000000616400000|  0%| F|  |TAMS 0x0000000616000000, 0x0000000616000000| Untracked 
|  71|0x0000000616400000, 0x0000000616400000, 0x0000000616800000|  0%| F|  |TAMS 0x0000000616400000, 0x0000000616400000| Untracked 
|  72|0x0000000616800000, 0x0000000616800000, 0x0000000616c00000|  0%| F|  |TAMS 0x0000000616800000, 0x0000000616800000| Untracked 
|  73|0x0000000616c00000, 0x0000000616c00000, 0x0000000617000000|  0%| F|  |TAMS 0x0000000616c00000, 0x0000000616c00000| Untracked 
|  74|0x0000000617000000, 0x0000000617000000, 0x0000000617400000|  0%| F|  |TAMS 0x0000000617000000, 0x0000000617000000| Untracked 
|  75|0x0000000617400000, 0x0000000617400000, 0x0000000617800000|  0%| F|  |TAMS 0x0000000617400000, 0x0000000617400000| Untracked 
|  76|0x0000000617800000, 0x0000000617800000, 0x0000000617c00000|  0%| F|  |TAMS 0x0000000617800000, 0x0000000617800000| Untracked 
|  77|0x0000000617c00000, 0x0000000617c00000, 0x0000000618000000|  0%| F|  |TAMS 0x0000000617c00000, 0x0000000617c00000| Untracked 
|  78|0x0000000618000000, 0x0000000618000000, 0x0000000618400000|  0%| F|  |TAMS 0x0000000618000000, 0x0000000618000000| Untracked 
|  79|0x0000000618400000, 0x0000000618400000, 0x0000000618800000|  0%| F|  |TAMS 0x0000000618400000, 0x0000000618400000| Untracked 
|  80|0x0000000618800000, 0x0000000618800000, 0x0000000618c00000|  0%| F|  |TAMS 0x0000000618800000, 0x0000000618800000| Untracked 
|  81|0x0000000618c00000, 0x0000000618c00000, 0x0000000619000000|  0%| F|  |TAMS 0x0000000618c00000, 0x0000000618c00000| Untracked 
|  82|0x0000000619000000, 0x0000000619000000, 0x0000000619400000|  0%| F|  |TAMS 0x0000000619000000, 0x0000000619000000| Untracked 
|  83|0x0000000619400000, 0x0000000619400000, 0x0000000619800000|  0%| F|  |TAMS 0x0000000619400000, 0x0000000619400000| Untracked 
|  84|0x0000000619800000, 0x0000000619800000, 0x0000000619c00000|  0%| F|  |TAMS 0x0000000619800000, 0x0000000619800000| Untracked 
|  85|0x0000000619c00000, 0x0000000619c00000, 0x000000061a000000|  0%| F|  |TAMS 0x0000000619c00000, 0x0000000619c00000| Untracked 
|  86|0x000000061a000000, 0x000000061a000000, 0x000000061a400000|  0%| F|  |TAMS 0x000000061a000000, 0x000000061a000000| Untracked 
|  87|0x000000061a400000, 0x000000061a400000, 0x000000061a800000|  0%| F|  |TAMS 0x000000061a400000, 0x000000061a400000| Untracked 
|  88|0x000000061a800000, 0x000000061a800000, 0x000000061ac00000|  0%| F|  |TAMS 0x000000061a800000, 0x000000061a800000| Untracked 
|  89|0x000000061ac00000, 0x000000061ac00000, 0x000000061b000000|  0%| F|  |TAMS 0x000000061ac00000, 0x000000061ac00000| Untracked 
|  90|0x000000061b000000, 0x000000061b000000, 0x000000061b400000|  0%| F|  |TAMS 0x000000061b000000, 0x000000061b000000| Untracked 
|  91|0x000000061b400000, 0x000000061b400000, 0x000000061b800000|  0%| F|  |TAMS 0x000000061b400000, 0x000000061b400000| Untracked 
|  92|0x000000061b800000, 0x000000061b800000, 0x000000061bc00000|  0%| F|  |TAMS 0x000000061b800000, 0x000000061b800000| Untracked 
|  93|0x000000061bc00000, 0x000000061bc00000, 0x000000061c000000|  0%| F|  |TAMS 0x000000061bc00000, 0x000000061bc00000| Untracked 
|  94|0x000000061c000000, 0x000000061c000000, 0x000000061c400000|  0%| F|  |TAMS 0x000000061c000000, 0x000000061c000000| Untracked 
|  95|0x000000061c400000, 0x000000061c400000, 0x000000061c800000|  0%| F|  |TAMS 0x000000061c400000, 0x000000061c400000| Untracked 
|  96|0x000000061c800000, 0x000000061c800000, 0x000000061cc00000|  0%| F|  |TAMS 0x000000061c800000, 0x000000061c800000| Untracked 
|  97|0x000000061cc00000, 0x000000061cc00000, 0x000000061d000000|  0%| F|  |TAMS 0x000000061cc00000, 0x000000061cc00000| Untracked 
|  98|0x000000061d000000, 0x000000061d000000, 0x000000061d400000|  0%| F|  |TAMS 0x000000061d000000, 0x000000061d000000| Untracked 
|  99|0x000000061d400000, 0x000000061d400000, 0x000000061d800000|  0%| F|  |TAMS 0x000000061d400000, 0x000000061d400000| Untracked 
| 100|0x000000061d800000, 0x000000061d800000, 0x000000061dc00000|  0%| F|  |TAMS 0x000000061d800000, 0x000000061d800000| Untracked 
| 101|0x000000061dc00000, 0x000000061dc00000, 0x000000061e000000|  0%| F|  |TAMS 0x000000061dc00000, 0x000000061dc00000| Untracked 
| 102|0x000000061e000000, 0x000000061e000000, 0x000000061e400000|  0%| F|  |TAMS 0x000000061e000000, 0x000000061e000000| Untracked 
| 103|0x000000061e400000, 0x000000061e400000, 0x000000061e800000|  0%| F|  |TAMS 0x000000061e400000, 0x000000061e400000| Untracked 
| 104|0x000000061e800000, 0x000000061e800000, 0x000000061ec00000|  0%| F|  |TAMS 0x000000061e800000, 0x000000061e800000| Untracked 
| 105|0x000000061ec00000, 0x000000061ec00000, 0x000000061f000000|  0%| F|  |TAMS 0x000000061ec00000, 0x000000061ec00000| Untracked 
| 106|0x000000061f000000, 0x000000061f000000, 0x000000061f400000|  0%| F|  |TAMS 0x000000061f000000, 0x000000061f000000| Untracked 
| 107|0x000000061f400000, 0x000000061f400000, 0x000000061f800000|  0%| F|  |TAMS 0x000000061f400000, 0x000000061f400000| Untracked 
| 108|0x000000061f800000, 0x000000061f800000, 0x000000061fc00000|  0%| F|  |TAMS 0x000000061f800000, 0x000000061f800000| Untracked 
| 109|0x000000061fc00000, 0x000000061fc00000, 0x0000000620000000|  0%| F|  |TAMS 0x000000061fc00000, 0x000000061fc00000| Untracked 
| 110|0x0000000620000000, 0x0000000620000000, 0x0000000620400000|  0%| F|  |TAMS 0x0000000620000000, 0x0000000620000000| Untracked 
| 111|0x0000000620400000, 0x0000000620400000, 0x0000000620800000|  0%| F|  |TAMS 0x0000000620400000, 0x0000000620400000| Untracked 
| 112|0x0000000620800000, 0x0000000620800000, 0x0000000620c00000|  0%| F|  |TAMS 0x0000000620800000, 0x0000000620800000| Untracked 
| 113|0x0000000620c00000, 0x0000000620c00000, 0x0000000621000000|  0%| F|  |TAMS 0x0000000620c00000, 0x0000000620c00000| Untracked 
| 114|0x0000000621000000, 0x0000000621000000, 0x0000000621400000|  0%| F|  |TAMS 0x0000000621000000, 0x0000000621000000| Untracked 
| 115|0x0000000621400000, 0x0000000621400000, 0x0000000621800000|  0%| F|  |TAMS 0x0000000621400000, 0x0000000621400000| Untracked 
| 116|0x0000000621800000, 0x0000000621800000, 0x0000000621c00000|  0%| F|  |TAMS 0x0000000621800000, 0x0000000621800000| Untracked 
| 117|0x0000000621c00000, 0x0000000621c00000, 0x0000000622000000|  0%| F|  |TAMS 0x0000000621c00000, 0x0000000621c00000| Untracked 
| 118|0x0000000622000000, 0x0000000622000000, 0x0000000622400000|  0%| F|  |TAMS 0x0000000622000000, 0x0000000622000000| Untracked 
| 119|0x0000000622400000, 0x0000000622400000, 0x0000000622800000|  0%| F|  |TAMS 0x0000000622400000, 0x0000000622400000| Untracked 
| 120|0x0000000622800000, 0x0000000622800000, 0x0000000622c00000|  0%| F|  |TAMS 0x0000000622800000, 0x0000000622800000| Untracked 
| 121|0x0000000622c00000, 0x0000000622c00000, 0x0000000623000000|  0%| F|  |TAMS 0x0000000622c00000, 0x0000000622c00000| Untracked 
| 122|0x0000000623000000, 0x0000000623000000, 0x0000000623400000|  0%| F|  |TAMS 0x0000000623000000, 0x0000000623000000| Untracked 
| 123|0x0000000623400000, 0x0000000623400000, 0x0000000623800000|  0%| F|  |TAMS 0x0000000623400000, 0x0000000623400000| Untracked 
| 124|0x0000000623800000, 0x0000000623800000, 0x0000000623c00000|  0%| F|  |TAMS 0x0000000623800000, 0x0000000623800000| Untracked 
| 125|0x0000000623c00000, 0x0000000623c91cd8, 0x0000000624000000| 14%| E|  |TAMS 0x0000000623c00000, 0x0000000623c00000| Complete 
| 126|0x0000000624000000, 0x0000000624400000, 0x0000000624400000|100%| E|  |TAMS 0x0000000624000000, 0x0000000624000000| Complete 

Card table byte_map: [0x0000026b38d10000,0x0000026b39cf0000] _byte_map_base: 0x0000026b35cec000

Marking Bits (Prev, Next): (CMBitMap*) 0x0000026b209c7c30, (CMBitMap*) 0x0000026b209c7c70
 Prev Bits: [0x0000026b3acd0000, 0x0000026b42bb0000)
 Next Bits: [0x0000026b42bb0000, 0x0000026b4aa90000)

Polling page: 0x0000026b1eaa0000

Metaspace:

Usage:
  Non-class:    539.27 KB used.
      Class:     44.37 KB used.
       Both:    583.64 KB used.

Virtual space:
  Non-class space:       64.00 MB reserved,     576.00 KB ( <1%) committed,  1 nodes.
      Class space:        1.00 GB reserved,     128.00 KB ( <1%) committed,  1 nodes.
             Both:        1.06 GB reserved,     704.00 KB ( <1%) committed. 

Chunk freelists:
   Non-Class:  11.67 MB
       Class:  15.70 MB
        Both:  27.38 MB

MaxMetaspaceSize: unlimited
CompressedClassSpaceSize: 1.00 GB
Initial GC threshold: 21.00 MB
Current GC threshold: 21.00 MB
CDS: on
MetaspaceReclaimPolicy: balanced
 - commit_granule_bytes: 65536.
 - commit_granule_words: 8192.
 - virtual_space_node_default_size: 8388608.
 - enlarge_chunks_in_place: 1.
 - new_chunks_are_fully_committed: 0.
 - uncommit_free_chunks: 1.
 - use_allocation_guard: 0.
 - handle_deallocations: 1.


Internal statistics:

num_allocs_failed_limit: 0.
num_arena_births: 4.
num_arena_deaths: 0.
num_vsnodes_births: 2.
num_vsnodes_deaths: 0.
num_space_committed: 11.
num_space_uncommitted: 0.
num_chunks_returned_to_freelist: 0.
num_chunks_taken_from_freelist: 21.
num_chunk_merges: 0.
num_chunk_splits: 16.
num_chunks_enlarged: 13.
num_inconsistent_stats: 0.

CodeHeap 'non-profiled nmethods': size=119168Kb used=51Kb max_used=51Kb free=119117Kb
 bounds [0x0000026b30050000, 0x0000026b302c0000, 0x0000026b374b0000]
CodeHeap 'profiled nmethods': size=119104Kb used=242Kb max_used=242Kb free=118861Kb
 bounds [0x0000026b284b0000, 0x0000026b28720000, 0x0000026b2f900000]
CodeHeap 'non-nmethods': size=7488Kb used=1627Kb max_used=1641Kb free=5860Kb
 bounds [0x0000026b2f900000, 0x0000026b2fb70000, 0x0000026b30050000]
 total_blobs=518 nmethods=191 adapters=239
 compilation: enabled
              stopped_count=0, restarted_count=0
 full_count=0

Compilation events (20 events):
Event: 0.079 Thread 0x0000026b4ad5ceb0 nmethod 178 0x0000026b284e8690 code [0x0000026b284e8860, 0x0000026b284e8b98]
Event: 0.079 Thread 0x0000026b4ad5ceb0  179       3       jdk.internal.misc.Unsafe::allocateUninitializedArray (55 bytes)
Event: 0.079 Thread 0x0000026b4dc72470 nmethod 181 0x0000026b284e7910 code [0x0000026b284e7b40, 0x0000026b284e8398]
Event: 0.079 Thread 0x0000026b4dc72470  184       3       java.lang.StringCoding::hasNegatives (25 bytes)
Event: 0.079 Thread 0x0000026b4dc72470 nmethod 184 0x0000026b284e8c90 code [0x0000026b284e8e40, 0x0000026b284e9078]
Event: 0.079 Thread 0x0000026b4dc72470  180       3       jdk.internal.misc.Unsafe::allocateUninitializedArray0 (90 bytes)
Event: 0.079 Thread 0x0000026b4ad5ceb0 nmethod 179 0x0000026b284e9190 code [0x0000026b284e9380, 0x0000026b284e97d8]
Event: 0.079 Thread 0x0000026b4ad5ceb0  185       3       java.util.zip.Inflater::ensureOpen (47 bytes)
Event: 0.080 Thread 0x0000026b4dc72470 nmethod 180 0x0000026b284e9990 code [0x0000026b284e9bc0, 0x0000026b284ea618]
Event: 0.080 Thread 0x0000026b4dc72470  182       3       java.lang.AbstractStringBuilder::newCapacity (59 bytes)
Event: 0.080 Thread 0x0000026b4ad5ceb0 nmethod 185 0x0000026b284ea790 code [0x0000026b284ea940, 0x0000026b284eaba8]
Event: 0.080 Thread 0x0000026b4ad5ceb0  186       3       java.lang.String::startsWith (7 bytes)
Event: 0.080 Thread 0x0000026b4dc72470 nmethod 182 0x0000026b284eac90 code [0x0000026b284eae60, 0x0000026b284eb258]
Event: 0.080 Thread 0x0000026b4ad5ceb0 nmethod 186 0x0000026b284eb410 code [0x0000026b284eb5c0, 0x0000026b284eb708]
Event: 0.080 Thread 0x0000026b4ad5ceb0  187       3       java.util.zip.ZipFile$Source::getEntryHash (7 bytes)
Event: 0.080 Thread 0x0000026b4ad5ceb0 nmethod 187 0x0000026b284eb790 code [0x0000026b284eb920, 0x0000026b284eba58]
Event: 0.080 Thread 0x0000026b4ad5ceb0  188       1       java.net.URL::getFile (5 bytes)
Event: 0.080 Thread 0x0000026b4ad5ceb0 nmethod 188 0x0000026b3005ba10 code [0x0000026b3005bba0, 0x0000026b3005bc78]
Event: 0.080 Thread 0x0000026b4dc72470  190       3       java.lang.ClassLoader::checkName (37 bytes)
Event: 0.081 Thread 0x0000026b4dc72470 nmethod 190 0x0000026b284ebb10 code [0x0000026b284ebd80, 0x0000026b284ec738]

GC Heap History (0 events):
No events

Dll operation events (6 events):
Event: 0.005 Loaded shared library C:\Program Files\Eclipse Adoptium\jdk-17.0.18.8-hotspot\bin\java.dll
Event: 0.026 Loaded shared library C:\Program Files\Eclipse Adoptium\jdk-17.0.18.8-hotspot\bin\jsvml.dll
Event: 0.046 Loaded shared library C:\Program Files\Eclipse Adoptium\jdk-17.0.18.8-hotspot\bin\net.dll
Event: 0.048 Loaded shared library C:\Program Files\Eclipse Adoptium\jdk-17.0.18.8-hotspot\bin\nio.dll
Event: 0.058 Loaded shared library C:\Program Files\Eclipse Adoptium\jdk-17.0.18.8-hotspot\bin\zip.dll
Event: 0.071 Loaded shared library C:\Program Files\Eclipse Adoptium\jdk-17.0.18.8-hotspot\bin\jimage.dll

Deoptimization events (20 events):
Event: 0.057 Thread 0x0000026b209593f0 DEOPT PACKING pc=0x0000026b284c9f74 sp=0x000000d9abefd930
Event: 0.057 Thread 0x0000026b209593f0 DEOPT UNPACKING pc=0x0000026b2f957143 sp=0x000000d9abefcdc0 mode 0
Event: 0.057 Thread 0x0000026b209593f0 DEOPT PACKING pc=0x0000026b284c9f74 sp=0x000000d9abefd930
Event: 0.057 Thread 0x0000026b209593f0 DEOPT UNPACKING pc=0x0000026b2f957143 sp=0x000000d9abefcdc0 mode 0
Event: 0.057 Thread 0x0000026b209593f0 DEOPT PACKING pc=0x0000026b284c9f74 sp=0x000000d9abefd930
Event: 0.057 Thread 0x0000026b209593f0 DEOPT UNPACKING pc=0x0000026b2f957143 sp=0x000000d9abefcdc0 mode 0
Event: 0.057 Thread 0x0000026b209593f0 DEOPT PACKING pc=0x0000026b284c9f74 sp=0x000000d9abefd930
Event: 0.057 Thread 0x0000026b209593f0 DEOPT UNPACKING pc=0x0000026b2f957143 sp=0x000000d9abefcdc0 mode 0
Event: 0.057 Thread 0x0000026b209593f0 DEOPT PACKING pc=0x0000026b284c9f74 sp=0x000000d9abefd930
Event: 0.057 Thread 0x0000026b209593f0 DEOPT UNPACKING pc=0x0000026b2f957143 sp=0x000000d9abefcdc0 mode 0
Event: 0.057 Thread 0x0000026b209593f0 DEOPT PACKING pc=0x0000026b284c9f74 sp=0x000000d9abefd930
Event: 0.057 Thread 0x0000026b209593f0 DEOPT UNPACKING pc=0x0000026b2f957143 sp=0x000000d9abefcdc0 mode 0
Event: 0.057 Thread 0x0000026b209593f0 DEOPT PACKING pc=0x0000026b284c9f74 sp=0x000000d9abefd930
Event: 0.057 Thread 0x0000026b209593f0 DEOPT UNPACKING pc=0x0000026b2f957143 sp=0x000000d9abefcdc0 mode 0
Event: 0.057 Thread 0x0000026b209593f0 DEOPT PACKING pc=0x0000026b284c9f74 sp=0x000000d9abefd930
Event: 0.057 Thread 0x0000026b209593f0 DEOPT UNPACKING pc=0x0000026b2f957143 sp=0x000000d9abefcdc0 mode 0
Event: 0.074 Thread 0x0000026b209593f0 Uncommon trap: trap_request=0xffffff45 fr.pc=0x0000026b300574b4 relative=0x0000000000000674
Event: 0.074 Thread 0x0000026b209593f0 Uncommon trap: reason=unstable_if action=reinterpret pc=0x0000026b300574b4 method=java.util.zip.ZipFile$Source.checkAndAddEntry(II)I @ 50 c2
Event: 0.074 Thread 0x0000026b209593f0 DEOPT PACKING pc=0x0000026b300574b4 sp=0x000000d9abefe580
Event: 0.074 Thread 0x0000026b209593f0 DEOPT UNPACKING pc=0x0000026b2f9569a3 sp=0x000000d9abefe4f0 mode 2

Classes loaded (10 events):
Event: 0.044 Loading class jdk/internal/vm/PostVMInitHook
Event: 0.044 Loading class jdk/internal/vm/PostVMInitHook done
Event: 0.070 Loading class java/lang/IllegalStateException
Event: 0.070 Loading class java/lang/IllegalStateException done
Event: 0.070 Loading class java/lang/UnsupportedOperationException
Event: 0.070 Loading class java/lang/UnsupportedOperationException done
Event: 0.070 Loading class java/lang/AssertionError
Event: 0.070 Loading class java/lang/AssertionError done
Event: 0.078 Loading class java/lang/IndexOutOfBoundsException
Event: 0.078 Loading class java/lang/IndexOutOfBoundsException done

Classes unloaded (0 events):
No events

Classes redefined (0 events):
No events

Internal exceptions (0 events):
No events

VM Operations (2 events):
Event: 0.059 Executing VM operation: HandshakeAllThreads
Event: 0.059 Executing VM operation: HandshakeAllThreads done

Memory protections (0 events):
No events

Nmethod flushes (0 events):
No events

Events (14 events):
Event: 0.027 Thread 0x0000026b209593f0 Thread added: 0x0000026b209593f0
Event: 0.028 Thread 0x0000026b209593f0 Thread added: 0x0000026b4ad37de0
Event: 0.028 Thread 0x0000026b209593f0 Thread added: 0x0000026b4ad388b0
Event: 0.033 Thread 0x0000026b209593f0 Thread added: 0x0000026b4ad57170
Event: 0.033 Thread 0x0000026b209593f0 Thread added: 0x0000026b4ad57a40
Event: 0.033 Thread 0x0000026b209593f0 Thread added: 0x0000026b4ad58e80
Event: 0.033 Thread 0x0000026b209593f0 Thread added: 0x0000026b4ad5a2c0
Event: 0.033 Thread 0x0000026b209593f0 Thread added: 0x0000026b4ad5c5a0
Event: 0.033 Thread 0x0000026b209593f0 Thread added: 0x0000026b4ad5ceb0
Event: 0.033 Thread 0x0000026b209593f0 Thread added: 0x0000026b4ad5d7c0
Event: 0.035 Thread 0x0000026b4ad5ceb0 Thread added: 0x0000026b4dc72470
Event: 0.044 Thread 0x0000026b209593f0 Thread added: 0x0000026b4dd488d0
Event: 0.045 Thread 0x0000026b209593f0 Thread added: 0x0000026b4dd4dea0
Event: 0.054 Thread 0x0000026b4ad5c5a0 Thread added: 0x0000026b4dd63160


Dynamic libraries:
0x00007ff6b3a90000 - 0x00007ff6b3a9e000 	C:\Program Files\Eclipse Adoptium\jdk-17.0.18.8-hotspot\bin\java.exe
0x00007ffd9a6c0000 - 0x00007ffd9a928000 	C:\WINDOWS\SYSTEM32\ntdll.dll
0x00007ffd81a30000 - 0x00007ffd81a50000 	C:\Program Files\Avast Software\Avast\aswhook.dll
0x00007ffd98610000 - 0x00007ffd986d9000 	C:\WINDOWS\System32\KERNEL32.DLL
0x00007ffd97300000 - 0x00007ffd976f1000 	C:\WINDOWS\System32\KERNELBASE.dll
0x00007ffd98280000 - 0x00007ffd983cb000 	C:\WINDOWS\System32\ucrtbase.dll
0x00007ffd4ef90000 - 0x00007ffd4efa8000 	C:\Program Files\Eclipse Adoptium\jdk-17.0.18.8-hotspot\bin\jli.dll
0x00007ffd4ecc0000 - 0x00007ffd4ecde000 	C:\Program Files\Eclipse Adoptium\jdk-17.0.18.8-hotspot\bin\VCRUNTIME140.dll
0x00007ffd99820000 - 0x00007ffd999e6000 	C:\WINDOWS\System32\USER32.dll
0x00007ffd76080000 - 0x00007ffd76313000 	C:\WINDOWS\WinSxS\amd64_microsoft.windows.common-controls_6595b64144ccf1df_6.0.26100.7705_none_3e06597ae3363b04\COMCTL32.dll
0x00007ffd97700000 - 0x00007ffd97727000 	C:\WINDOWS\System32\win32u.dll
0x00007ffd984a0000 - 0x00007ffd98549000 	C:\WINDOWS\System32\msvcrt.dll
0x00007ffd99c70000 - 0x00007ffd99c9b000 	C:\WINDOWS\System32\GDI32.dll
0x00007ffd97120000 - 0x00007ffd9724b000 	C:\WINDOWS\System32\gdi32full.dll
0x00007ffd97250000 - 0x00007ffd972f3000 	C:\WINDOWS\System32\msvcp_win.dll
0x00007ffd98460000 - 0x00007ffd98491000 	C:\WINDOWS\System32\IMM32.DLL
0x00007ffd516e0000 - 0x00007ffd516ec000 	C:\Program Files\Eclipse Adoptium\jdk-17.0.18.8-hotspot\bin\vcruntime140_1.dll
0x00007ffcdeba0000 - 0x00007ffcdec2d000 	C:\Program Files\Eclipse Adoptium\jdk-17.0.18.8-hotspot\bin\msvcp140.dll
0x00007ffcbe850000 - 0x00007ffcbf4bb000 	C:\Program Files\Eclipse Adoptium\jdk-17.0.18.8-hotspot\bin\server\jvm.dll
0x00007ffd98550000 - 0x00007ffd98604000 	C:\WINDOWS\System32\ADVAPI32.dll
0x00007ffd99770000 - 0x00007ffd99816000 	C:\WINDOWS\System32\sechost.dll
0x00007ffd98f40000 - 0x00007ffd99058000 	C:\WINDOWS\System32\RPCRT4.dll
0x00007ffd9a5f0000 - 0x00007ffd9a664000 	C:\WINDOWS\System32\WS2_32.dll
0x00007ffd95b80000 - 0x00007ffd95bde000 	C:\WINDOWS\SYSTEM32\POWRPROF.dll
0x00007ffd8b370000 - 0x00007ffd8b3a5000 	C:\WINDOWS\SYSTEM32\WINMM.dll
0x00007ffd8d0b0000 - 0x00007ffd8d0bb000 	C:\WINDOWS\SYSTEM32\VERSION.dll
0x00007ffd95b60000 - 0x00007ffd95b74000 	C:\WINDOWS\SYSTEM32\UMPDC.dll
0x00007ffd95e40000 - 0x00007ffd95e5b000 	C:\WINDOWS\SYSTEM32\kernel.appcore.dll
0x00007ffd4fbc0000 - 0x00007ffd4fbca000 	C:\Program Files\Eclipse Adoptium\jdk-17.0.18.8-hotspot\bin\jimage.dll
0x00007ffd94a90000 - 0x00007ffd94cd2000 	C:\WINDOWS\SYSTEM32\DBGHELP.DLL
0x00007ffd992d0000 - 0x00007ffd99656000 	C:\WINDOWS\System32\combase.dll
0x00007ffd99690000 - 0x00007ffd99767000 	C:\WINDOWS\System32\OLEAUT32.dll
0x00007ffd80710000 - 0x00007ffd8074b000 	C:\WINDOWS\SYSTEM32\dbgcore.DLL
0x00007ffd97730000 - 0x00007ffd977d5000 	C:\WINDOWS\System32\bcryptPrimitives.dll
0x00007ffd4df70000 - 0x00007ffd4df95000 	C:\Program Files\Eclipse Adoptium\jdk-17.0.18.8-hotspot\bin\java.dll
0x00007ffccaf10000 - 0x00007ffccafe7000 	C:\Program Files\Eclipse Adoptium\jdk-17.0.18.8-hotspot\bin\jsvml.dll
0x00007ffd99d50000 - 0x00007ffd9a4a1000 	C:\WINDOWS\System32\SHELL32.dll
0x00007ffd978a0000 - 0x00007ffd97a0a000 	C:\WINDOWS\System32\wintypes.dll
0x00007ffd97a10000 - 0x00007ffd98272000 	C:\WINDOWS\System32\windows.storage.dll
0x00007ffd98d10000 - 0x00007ffd98e06000 	C:\WINDOWS\System32\SHCORE.dll
0x00007ffd99cc0000 - 0x00007ffd99d27000 	C:\WINDOWS\System32\shlwapi.dll
0x00007ffd96ec0000 - 0x00007ffd96ee9000 	C:\WINDOWS\SYSTEM32\profapi.dll
0x00007ffd4ec20000 - 0x00007ffd4ec3a000 	C:\Program Files\Eclipse Adoptium\jdk-17.0.18.8-hotspot\bin\net.dll
0x00007ffd8ab30000 - 0x00007ffd8ac57000 	C:\WINDOWS\SYSTEM32\WINHTTP.dll
0x00007ffd963c0000 - 0x00007ffd9642b000 	C:\WINDOWS\system32\mswsock.dll
0x00007ffd4e9b0000 - 0x00007ffd4e9c6000 	C:\Program Files\Eclipse Adoptium\jdk-17.0.18.8-hotspot\bin\nio.dll
0x00007ffd4d780000 - 0x00007ffd4d798000 	C:\Program Files\Eclipse Adoptium\jdk-17.0.18.8-hotspot\bin\zip.dll

dbghelp: loaded successfully - version: 4.0.5 - missing functions: none
symbol engine: initialized successfully - sym options: 0x614 - pdb path: .;C:\Program Files\Eclipse Adoptium\jdk-17.0.18.8-hotspot\bin;C:\WINDOWS\SYSTEM32;C:\Program Files\Avast Software\Avast;C:\WINDOWS\WinSxS\amd64_microsoft.windows.common-controls_6595b64144ccf1df_6.0.26100.7705_none_3e06597ae3363b04;C:\Program Files\Eclipse Adoptium\jdk-17.0.18.8-hotspot\bin\server

VM Arguments:
java_command: org.jetbrains.kotlin.cli.jvm.K2JVMCompiler @D:\Final Project\FashionStyleApp\node_modules\@react-native\gradle-plugin\shared\build\20260328_6421527675962271147.compiler.options
java_class_path (initial): D:\gradle-cache\caches\modules-2\files-2.1\org.jetbrains.kotlin\kotlin-compiler-embeddable\2.1.20\4ef56b3316798316bfac7a0ae443391c9e900ea1\kotlin-compiler-embeddable-2.1.20.jar;D:\gradle-cache\caches\modules-2\files-2.1\org.jetbrains.kotlin\kotlin-stdlib\2.1.20\aa8ca79cd50578314f6d1180c47cbe14c0fee567\kotlin-stdlib-2.1.20.jar;D:\gradle-cache\caches\modules-2\files-2.1\org.jetbrains.kotlin\kotlin-script-runtime\2.1.20\f7c623d7f7bdb01f5ccd6b437bc0a937fcd7c57e\kotlin-script-runtime-2.1.20.jar;D:\gradle-cache\caches\modules-2\files-2.1\org.jetbrains.kotlin\kotlin-reflect\1.6.10\1cbe9c92c12a94eea200d23c2bbaedaf3daf5132\kotlin-reflect-1.6.10.jar;D:\gradle-cache\caches\modules-2\files-2.1\org.jetbrains.kotlin\kotlin-daemon-embeddable\2.1.20\95670fce77befd02a70a0bc3abe8ee4533521334\kotlin-daemon-embeddable-2.1.20.jar;D:\gradle-cache\caches\modules-2\files-2.1\org.jetbrains.intellij.deps\trove4j\1.0.20200330\3afb14d5f9ceb459d724e907a21145e8ff394f02\trove4j-1.0.20200330.jar;D:\gradle-cache\caches\modules-2\files-2.1\org.jetbrains.kotlinx\kotlinx-coroutines-core-jvm\1.8.0\ac1dc37a30a93150b704022f8d895ee1bd3a36b3\kotlinx-coroutines-core-jvm-1.8.0.jar;D:\gradle-cache\caches\modules-2\files-2.1\org.jetbrains\annotations\13.0\919f0dfe192fb4e063e7dacadee7f8bb9a2672a9\annotations-13.0.jar
Launcher Type: SUN_STANDARD

[Global flags]
     intx CICompilerCount                          = 12                                        {product} {ergonomic}
     uint ConcGCThreads                            = 3                                         {product} {ergonomic}
     uint G1ConcRefinementThreads                  = 13                                        {product} {ergonomic}
   size_t G1HeapRegionSize                         = 4194304                                   {product} {ergonomic}
    uintx GCDrainStackTargetSize                   = 64                                        {product} {ergonomic}
   size_t InitialHeapSize                          = 532676608                                 {product} {ergonomic}
   size_t MarkStackSize                            = 4194304                                   {product} {ergonomic}
   size_t MaxHeapSize                              = 8514437120                                {product} {ergonomic}
   size_t MaxNewSize                               = 5108662272                                {product} {ergonomic}
   size_t MinHeapDeltaBytes                        = 4194304                                   {product} {ergonomic}
   size_t MinHeapSize                              = 8388608                                   {product} {ergonomic}
    uintx NonNMethodCodeHeapSize                   = 7602480                                {pd product} {ergonomic}
    uintx NonProfiledCodeHeapSize                  = 122027880                              {pd product} {ergonomic}
    uintx ProfiledCodeHeapSize                     = 122027880                              {pd product} {ergonomic}
    uintx ReservedCodeCacheSize                    = 251658240                              {pd product} {ergonomic}
     bool SegmentedCodeCache                       = true                                      {product} {ergonomic}
   size_t SoftMaxHeapSize                          = 8514437120                             {manageable} {ergonomic}
     bool UseCompressedClassPointers               = true                           {product lp64_product} {ergonomic}
     bool UseCompressedOops                        = true                           {product lp64_product} {ergonomic}
     bool UseG1GC                                  = true                                      {product} {ergonomic}
     bool UseLargePagesIndividualAllocation        = false                                  {pd product} {ergonomic}

Logging:
Log output configuration:
 #0: stdout all=warning uptime,level,tags
 #1: stderr all=off uptime,level,tags

Environment Variables:
JAVA_HOME=C:\Program Files\Eclipse Adoptium\jdk-17.0.18.8-hotspot
PATH=D:\Final Project\FashionStyleApp\node_modules\.bin;D:\Final Project\FashionStyleApp\node_modules\.bin;D:\Final Project\node_modules\.bin;D:\node_modules\.bin;C:\Program Files\nodejs\node_modules\npm\node_modules\@npmcli\run-script\lib\node-gyp-bin;C:\Program Files\Eclipse Adoptium\jdk-17.0.18.8-hotspot\bin;C:\Users\ACER\AppData\Local\Android\Sdk\platform-tools;C:\Users\ACER\AppData\Local\Android\Sdk\tools;C:\Program Files\Eclipse Adoptium\jdk-17.0.18.8-hotspot\bin;C:\Users\ACER\AppData\Local\Android\Sdk\platform-tools;C:\Users\ACER\AppData\Local\Android\Sdk\tools;C:\Program Files\Eclipse Adoptium\jdk-17.0.18.8-hotspot\bin;C:\Users\ACER\AppData\Local\Android\Sdk\platform-tools;C:\Users\ACER\AppData\Local\Android\Sdk\tools;C:\Program Files\Eclipse Adoptium\jdk-17.0.18.8-hotspot\bin;C:\Users\ACER\AppData\Local\Android\Sdk\platform-tools;C:\Users\ACER\AppData\Local\Android\Sdk\tools;C:\Program Files\Eclipse Adoptium\jdk-17.0.18.8-hotspot\bin;C:\Users\ACER\AppData\Local\Android\Sdk\platform-tools;C:\Users\ACER\AppData\Local\Android\Sdk\tools;C:\Program Files\Eclipse Adoptium\jdk-17.0.18.8-hotspot\bin;C:\Program Files\Eclipse Adoptium\jdk-17.0.18.8-hotspot\bin;C:\Program Files\Eclipse Adoptium\jdk-17.0.18.8-hotspot\bin;C:\Python314\Scripts\;C:\Python314\;C:\Python313\Scripts\;C:\Python313\;D:\vmware\bin\;D:\JIM\WINDOWS.X64_193000_db_home\bin;D:\DATA\bin;D:\add\bin;C:\Windows\system32;C:\Windows;C:\Windows\System32\Wbem;C:\Windows\System32\WindowsPowerShell\v1.0\;C:\Windows\System32\OpenSSH\;C:\Program Files (x86)\NVIDIA Corporation\PhysX\Common;C:\Program Files\NVIDIA Corporation\NVIDIA NvDLISR;C:\WINDOWS\system32;C:\WINDOWS;C:\WINDOWS\System32\Wbem;C:\WINDOWS\System32\WindowsPowerShell\v1.0\;C:\WINDOWS\System32\OpenSSH\;C:\Program Files (x86)\Microsoft SQL Server\160\Tools\Binn\;C:\Program Files\Microsoft SQL Server\160\Tools\Binn\;C:\Program Files\Microsoft SQL Server\Client SDK\ODBC\170\Tools\Binn\;C:\Program Files\Microsoft SQL Server\160\DTS\Binn\;D:\javatronglop\jdk8\bin;D:\JIM\Git\cmd;C:\ProgramData\chocolatey\bin;C:\Program Files (x86)\Microsoft SQL Server\160\DTS\Binn\;C:\Users\ACER\AppData\Roaming\nvm;C:\Program Files\nodejs;C:\Program Files\Docker\Docker\resources\bin;C:\Program Files\nodejs\;D:\game\cursor\resources\app\bin;C:\Program Files\Cloudflare\Cloudflare WARP\;C:\Users\ACER\AppData\Local\Microsoft\WindowsApps;C:\Users\ACER\AppData\Local\Programs\Microsoft VS Code\bin;C:\Riot Games\mingw64\bin;C:\Riot Games\mingw64\x86_64-w64-mingw32\bin;D:\Java\jdk-22\bin;C:\Program Files\Java\jdk-22\bin;C:\Users\ACER\AppData\Local\GitHubDesktop\bin;C:\Users\ACER\AppData\Roaming\nvm;C:\Program Files\nodejs;C:\Users\ACER\AppData\Roaming\npm;D:\antigraviti\Antigravity\bin;c:\Users\ACER\.antigravity\extensions\vscjava.vscode-java-debug-0.58.5-universal\bundled\scripts\noConfigScripts
USERNAME=ACER
LANG=en_US.UTF-8
OS=Windows_NT
PROCESSOR_IDENTIFIER=Intel64 Family 6 Model 154 Stepping 3, GenuineIntel
TMP=C:\Users\ACER\AppData\Local\Temp
TEMP=C:\Users\ACER\AppData\Local\Temp



Periodic native trim disabled


---------------  S Y S T E M  ---------------

OS:
 Windows 11 , 64 bit Build 26100 (10.0.26100.7705)
OS uptime: 3 days 21:12 hours
Hyper-V role detected

CPU: total 16 (initial active 16) (8 cores per cpu, 2 threads per core) family 6 model 154 stepping 3 microcode 0x423, cx8, cmov, fxsr, ht, mmx, 3dnowpref, sse, sse2, sse3, ssse3, sse4.1, sse4.2, popcnt, lzcnt, tsc, tscinvbit, avx, avx2, aes, erms, clmul, bmi1, bmi2, adx, sha, fma, vzeroupper, clflush, clflushopt, clwb, hv
Processor Information for processor 0
  Max Mhz: 3100, Current Mhz: 3100, Mhz Limit: 3100
Processor Information for processor 1
  Max Mhz: 3100, Current Mhz: 3100, Mhz Limit: 3100
Processor Information for processor 2
  Max Mhz: 3100, Current Mhz: 3100, Mhz Limit: 3100
Processor Information for processor 3
  Max Mhz: 3100, Current Mhz: 3100, Mhz Limit: 3100
Processor Information for processor 4
  Max Mhz: 3100, Current Mhz: 3100, Mhz Limit: 3100
Processor Information for processor 5
  Max Mhz: 3100, Current Mhz: 3100, Mhz Limit: 3100
Processor Information for processor 6
  Max Mhz: 3100, Current Mhz: 3100, Mhz Limit: 3100
Processor Information for processor 7
  Max Mhz: 3100, Current Mhz: 3100, Mhz Limit: 3100
Processor Information for processor 8
  Max Mhz: 3100, Current Mhz: 2232, Mhz Limit: 2232
Processor Information for processor 9
  Max Mhz: 3100, Current Mhz: 2232, Mhz Limit: 2232
Processor Information for processor 10
  Max Mhz: 3100, Current Mhz: 2232, Mhz Limit: 2232
Processor Information for processor 11
  Max Mhz: 3100, Current Mhz: 2232, Mhz Limit: 2232
Processor Information for processor 12
  Max Mhz: 3100, Current Mhz: 2232, Mhz Limit: 2232
Processor Information for processor 13
  Max Mhz: 3100, Current Mhz: 2232, Mhz Limit: 2232
Processor Information for processor 14
  Max Mhz: 3100, Current Mhz: 2232, Mhz Limit: 2232
Processor Information for processor 15
  Max Mhz: 3100, Current Mhz: 2232, Mhz Limit: 2232

Memory: 4k page, system-wide physical 32472M (5364M free)
TotalPageFile size 39686M (AvailPageFile size 5M)
current process WorkingSet (physical memory assigned to process): 45M, peak: 45M
current process commit charge ("private bytes"): 618M, peak: 618M

vm_info: OpenJDK 64-Bit Server VM (17.0.18+8) for windows-amd64 JRE (17.0.18+8), built on Jan 20 2026 22:28:22 by "admin" with MS VC++ 17.12 (VS2022)

END.
